{
  "RSpec": {
    "coverage": {
      "/Users/darciewalsh/Projects/oystercard-ollie/oyster-card/spec/journey_spec.rb": [
        1,
        null,
        1,
        2,
        null,
        1,
        1,
        null,
        null
      ],
      "/Users/darciewalsh/Projects/oystercard-ollie/oyster-card/lib/journey.rb": [
        1,
        1,
        null,
        1,
        7,
        7,
        null,
        null,
        1,
        4,
        null,
        null,
        1,
        1,
        null,
        null,
        1,
        null,
        null,
        null,
        null
      ],
      "/Users/darciewalsh/Projects/oystercard-ollie/oyster-card/spec/oystercard_spec.rb": [
        1,
        1,
        8,
        5,
        null,
        1,
        1,
        1,
        null,
        null,
        1,
        1,
        null,
        null,
        null,
        1,
        1,
        1,
        1,
        null,
        null,
        1,
        2,
        null,
        null,
        null,
        null,
        1,
        1,
        1,
        2,
        2,
        null,
        1,
        1,
        null,
        null,
        1,
        1,
        2,
        1,
        null,
        null,
        null,
        1,
        1,
        2,
        null,
        null,
        null,
        null,
        null,
        1,
        1,
        4,
        4,
        4,
        null,
        null,
        1,
        1,
        1,
        null,
        1,
        4,
        null,
        null,
        1,
        4,
        null,
        null,
        1,
        1,
        1,
        null,
        null,
        null
      ],
      "/Users/darciewalsh/Projects/oystercard-ollie/oyster-card/lib/oystercard.rb": [
        1,
        1,
        null,
        null,
        1,
        1,
        null,
        1,
        11,
        11,
        11,
        null,
        null,
        1,
        8,
        7,
        null,
        null,
        1,
        7,
        6,
        null,
        null,
        1,
        4,
        4,
        4,
        4,
        null,
        null,
        1,
        2,
        null,
        null,
        1,
        null,
        1,
        4,
        null,
        null,
        1,
        8,
        null,
        null,
        1,
        7,
        null,
        null,
        null
      ],
      "/Users/darciewalsh/Projects/oystercard-ollie/oyster-card/spec/station_spec.rb": [
        1,
        null,
        1,
        3,
        1,
        1,
        null,
        1,
        1,
        null,
        null,
        null
      ],
      "/Users/darciewalsh/Projects/oystercard-ollie/oyster-card/lib/station.rb": [
        1,
        null,
        1,
        null,
        1,
        2,
        2,
        null,
        null
      ]
    },
    "timestamp": 1536838873
  }
}
